{
  "stats": {
    "suites": 1,
    "tests": 18,
    "passes": 18,
    "pending": 0,
    "failures": 0,
    "start": "2022-05-04T03:15:41.867Z",
    "end": "2022-05-04T03:15:47.110Z",
    "duration": 5243,
    "testsRegistered": 18,
    "passPercent": 100,
    "pendingPercent": 0,
    "other": 0,
    "hasOther": false,
    "skipped": 0,
    "hasSkipped": false
  },
  "results": [
    {
      "uuid": "fb72bb0f-49e6-4588-a632-bb8780215bd8",
      "title": "",
      "fullFile": "cypress/integration/2-advanced-examples/traversal.spec.js",
      "file": "cypress/integration/2-advanced-examples/traversal.spec.js",
      "beforeHooks": [],
      "afterHooks": [],
      "tests": [],
      "suites": [
        {
          "uuid": "9af0b1be-32cc-4242-9c4d-3cdcec2f6f94",
          "title": "Traversal",
          "fullFile": "",
          "file": "",
          "beforeHooks": [],
          "afterHooks": [],
          "tests": [
            {
              "title": ".children() - get child DOM elements",
              "fullTitle": "Traversal .children() - get child DOM elements",
              "timedOut": null,
              "duration": 454,
              "state": "passed",
              "speed": "fast",
              "pass": true,
              "fail": false,
              "pending": false,
              "context": null,
              "code": "// https://on.cypress.io/children\ncy.get('.traversal-breadcrumb').children('.active').should('contain', 'Data');",
              "err": {},
              "uuid": "60b0ee4d-4754-4a25-b48b-12a2875f90d8",
              "parentUUID": "9af0b1be-32cc-4242-9c4d-3cdcec2f6f94",
              "isHook": false,
              "skipped": false
            },
            {
              "title": ".closest() - get closest ancestor DOM element",
              "fullTitle": "Traversal .closest() - get closest ancestor DOM element",
              "timedOut": null,
              "duration": 148,
              "state": "passed",
              "speed": "fast",
              "pass": true,
              "fail": false,
              "pending": false,
              "context": null,
              "code": "// https://on.cypress.io/closest\ncy.get('.traversal-badge').closest('ul').should('have.class', 'list-group');",
              "err": {},
              "uuid": "46eb3bd4-922c-41aa-a966-f489c389f372",
              "parentUUID": "9af0b1be-32cc-4242-9c4d-3cdcec2f6f94",
              "isHook": false,
              "skipped": false
            },
            {
              "title": ".eq() - get a DOM element at a specific index",
              "fullTitle": "Traversal .eq() - get a DOM element at a specific index",
              "timedOut": null,
              "duration": 137,
              "state": "passed",
              "speed": "fast",
              "pass": true,
              "fail": false,
              "pending": false,
              "context": null,
              "code": "// https://on.cypress.io/eq\ncy.get('.traversal-list>li').eq(1).should('contain', 'siamese');",
              "err": {},
              "uuid": "63e8e734-8d8d-4d47-8b01-a71cadf93db3",
              "parentUUID": "9af0b1be-32cc-4242-9c4d-3cdcec2f6f94",
              "isHook": false,
              "skipped": false
            },
            {
              "title": ".filter() - get DOM elements that match the selector",
              "fullTitle": "Traversal .filter() - get DOM elements that match the selector",
              "timedOut": null,
              "duration": 339,
              "state": "passed",
              "speed": "fast",
              "pass": true,
              "fail": false,
              "pending": false,
              "context": null,
              "code": "// https://on.cypress.io/filter\ncy.get('.traversal-nav>li').filter('.active').should('contain', 'About');",
              "err": {},
              "uuid": "54d53295-47ae-47ad-9e51-d4383d3a1a3a",
              "parentUUID": "9af0b1be-32cc-4242-9c4d-3cdcec2f6f94",
              "isHook": false,
              "skipped": false
            },
            {
              "title": ".find() - get descendant DOM elements of the selector",
              "fullTitle": "Traversal .find() - get descendant DOM elements of the selector",
              "timedOut": null,
              "duration": 310,
              "state": "passed",
              "speed": "fast",
              "pass": true,
              "fail": false,
              "pending": false,
              "context": null,
              "code": "// https://on.cypress.io/find\ncy.get('.traversal-pagination').find('li').find('a').should('have.length', 7);",
              "err": {},
              "uuid": "0a5f3162-81f5-46d9-82f8-0705154590fd",
              "parentUUID": "9af0b1be-32cc-4242-9c4d-3cdcec2f6f94",
              "isHook": false,
              "skipped": false
            },
            {
              "title": ".first() - get first DOM element",
              "fullTitle": "Traversal .first() - get first DOM element",
              "timedOut": null,
              "duration": 216,
              "state": "passed",
              "speed": "fast",
              "pass": true,
              "fail": false,
              "pending": false,
              "context": null,
              "code": "// https://on.cypress.io/first\ncy.get('.traversal-table td').first().should('contain', '1');",
              "err": {},
              "uuid": "a96dfa6f-195f-470a-8762-6be3a07b79cb",
              "parentUUID": "9af0b1be-32cc-4242-9c4d-3cdcec2f6f94",
              "isHook": false,
              "skipped": false
            },
            {
              "title": ".last() - get last DOM element",
              "fullTitle": "Traversal .last() - get last DOM element",
              "timedOut": null,
              "duration": 200,
              "state": "passed",
              "speed": "fast",
              "pass": true,
              "fail": false,
              "pending": false,
              "context": null,
              "code": "// https://on.cypress.io/last\ncy.get('.traversal-buttons .btn').last().should('contain', 'Submit');",
              "err": {},
              "uuid": "2c977be3-3c3d-484d-9894-485954060b24",
              "parentUUID": "9af0b1be-32cc-4242-9c4d-3cdcec2f6f94",
              "isHook": false,
              "skipped": false
            },
            {
              "title": ".next() - get next sibling DOM element",
              "fullTitle": "Traversal .next() - get next sibling DOM element",
              "timedOut": null,
              "duration": 165,
              "state": "passed",
              "speed": "fast",
              "pass": true,
              "fail": false,
              "pending": false,
              "context": null,
              "code": "// https://on.cypress.io/next\ncy.get('.traversal-ul').contains('apples').next().should('contain', 'oranges');",
              "err": {},
              "uuid": "604a3356-6cf3-43f3-8c77-e796c379d40f",
              "parentUUID": "9af0b1be-32cc-4242-9c4d-3cdcec2f6f94",
              "isHook": false,
              "skipped": false
            },
            {
              "title": ".nextAll() - get all next sibling DOM elements",
              "fullTitle": "Traversal .nextAll() - get all next sibling DOM elements",
              "timedOut": null,
              "duration": 216,
              "state": "passed",
              "speed": "fast",
              "pass": true,
              "fail": false,
              "pending": false,
              "context": null,
              "code": "// https://on.cypress.io/nextall\ncy.get('.traversal-next-all').contains('oranges').nextAll().should('have.length', 3);",
              "err": {},
              "uuid": "a3241048-b09a-4345-9007-d618aa270b1f",
              "parentUUID": "9af0b1be-32cc-4242-9c4d-3cdcec2f6f94",
              "isHook": false,
              "skipped": false
            },
            {
              "title": ".nextUntil() - get next sibling DOM elements until next el",
              "fullTitle": "Traversal .nextUntil() - get next sibling DOM elements until next el",
              "timedOut": null,
              "duration": 158,
              "state": "passed",
              "speed": "fast",
              "pass": true,
              "fail": false,
              "pending": false,
              "context": null,
              "code": "// https://on.cypress.io/nextuntil\ncy.get('#veggies').nextUntil('#nuts').should('have.length', 3);",
              "err": {},
              "uuid": "df02ad8f-8197-4a8a-801f-d96e24e4f5cf",
              "parentUUID": "9af0b1be-32cc-4242-9c4d-3cdcec2f6f94",
              "isHook": false,
              "skipped": false
            },
            {
              "title": ".not() - remove DOM elements from set of DOM elements",
              "fullTitle": "Traversal .not() - remove DOM elements from set of DOM elements",
              "timedOut": null,
              "duration": 208,
              "state": "passed",
              "speed": "fast",
              "pass": true,
              "fail": false,
              "pending": false,
              "context": null,
              "code": "// https://on.cypress.io/not\ncy.get('.traversal-disabled .btn').not('[disabled]').should('not.contain', 'Disabled');",
              "err": {},
              "uuid": "ad5d00ba-ffb5-4b91-8793-2498bd064f35",
              "parentUUID": "9af0b1be-32cc-4242-9c4d-3cdcec2f6f94",
              "isHook": false,
              "skipped": false
            },
            {
              "title": ".parent() - get parent DOM element from DOM elements",
              "fullTitle": "Traversal .parent() - get parent DOM element from DOM elements",
              "timedOut": null,
              "duration": 245,
              "state": "passed",
              "speed": "fast",
              "pass": true,
              "fail": false,
              "pending": false,
              "context": null,
              "code": "// https://on.cypress.io/parent\ncy.get('.traversal-mark').parent().should('contain', 'Morbi leo risus');",
              "err": {},
              "uuid": "13106a03-00a5-4332-a1f3-8e166a9ca137",
              "parentUUID": "9af0b1be-32cc-4242-9c4d-3cdcec2f6f94",
              "isHook": false,
              "skipped": false
            },
            {
              "title": ".parents() - get parent DOM elements from DOM elements",
              "fullTitle": "Traversal .parents() - get parent DOM elements from DOM elements",
              "timedOut": null,
              "duration": 212,
              "state": "passed",
              "speed": "fast",
              "pass": true,
              "fail": false,
              "pending": false,
              "context": null,
              "code": "// https://on.cypress.io/parents\ncy.get('.traversal-cite').parents().should('match', 'blockquote');",
              "err": {},
              "uuid": "ca04261c-d4c4-4025-9236-7616ba19cc9c",
              "parentUUID": "9af0b1be-32cc-4242-9c4d-3cdcec2f6f94",
              "isHook": false,
              "skipped": false
            },
            {
              "title": ".parentsUntil() - get parent DOM elements from DOM elements until el",
              "fullTitle": "Traversal .parentsUntil() - get parent DOM elements from DOM elements until el",
              "timedOut": null,
              "duration": 151,
              "state": "passed",
              "speed": "fast",
              "pass": true,
              "fail": false,
              "pending": false,
              "context": null,
              "code": "// https://on.cypress.io/parentsuntil\ncy.get('.clothes-nav').find('.active').parentsUntil('.clothes-nav').should('have.length', 2);",
              "err": {},
              "uuid": "3f5cb793-4387-4470-ae01-befa0f5bdf8a",
              "parentUUID": "9af0b1be-32cc-4242-9c4d-3cdcec2f6f94",
              "isHook": false,
              "skipped": false
            },
            {
              "title": ".prev() - get previous sibling DOM element",
              "fullTitle": "Traversal .prev() - get previous sibling DOM element",
              "timedOut": null,
              "duration": 189,
              "state": "passed",
              "speed": "fast",
              "pass": true,
              "fail": false,
              "pending": false,
              "context": null,
              "code": "// https://on.cypress.io/prev\ncy.get('.birds').find('.active').prev().should('contain', 'Lorikeets');",
              "err": {},
              "uuid": "880ac6b7-553f-4ee9-a0e3-fa0cacb03e23",
              "parentUUID": "9af0b1be-32cc-4242-9c4d-3cdcec2f6f94",
              "isHook": false,
              "skipped": false
            },
            {
              "title": ".prevAll() - get all previous sibling DOM elements",
              "fullTitle": "Traversal .prevAll() - get all previous sibling DOM elements",
              "timedOut": null,
              "duration": 148,
              "state": "passed",
              "speed": "fast",
              "pass": true,
              "fail": false,
              "pending": false,
              "context": null,
              "code": "// https://on.cypress.io/prevall\ncy.get('.fruits-list').find('.third').prevAll().should('have.length', 2);",
              "err": {},
              "uuid": "5b919e8f-0646-4b38-aea0-c346e1dd953f",
              "parentUUID": "9af0b1be-32cc-4242-9c4d-3cdcec2f6f94",
              "isHook": false,
              "skipped": false
            },
            {
              "title": ".prevUntil() - get all previous sibling DOM elements until el",
              "fullTitle": "Traversal .prevUntil() - get all previous sibling DOM elements until el",
              "timedOut": null,
              "duration": 190,
              "state": "passed",
              "speed": "fast",
              "pass": true,
              "fail": false,
              "pending": false,
              "context": null,
              "code": "// https://on.cypress.io/prevuntil\ncy.get('.foods-list').find('#nuts').prevUntil('#veggies').should('have.length', 3);",
              "err": {},
              "uuid": "56564142-51c9-4cd6-99f7-df61ebe4a3b7",
              "parentUUID": "9af0b1be-32cc-4242-9c4d-3cdcec2f6f94",
              "isHook": false,
              "skipped": false
            },
            {
              "title": ".siblings() - get all sibling DOM elements",
              "fullTitle": "Traversal .siblings() - get all sibling DOM elements",
              "timedOut": null,
              "duration": 173,
              "state": "passed",
              "speed": "fast",
              "pass": true,
              "fail": false,
              "pending": false,
              "context": null,
              "code": "// https://on.cypress.io/siblings\ncy.get('.traversal-pills .active').siblings().should('have.length', 2);",
              "err": {},
              "uuid": "c6e5dbae-abaf-498a-b9e4-c4a29b56297e",
              "parentUUID": "9af0b1be-32cc-4242-9c4d-3cdcec2f6f94",
              "isHook": false,
              "skipped": false
            }
          ],
          "suites": [],
          "passes": [
            "60b0ee4d-4754-4a25-b48b-12a2875f90d8",
            "46eb3bd4-922c-41aa-a966-f489c389f372",
            "63e8e734-8d8d-4d47-8b01-a71cadf93db3",
            "54d53295-47ae-47ad-9e51-d4383d3a1a3a",
            "0a5f3162-81f5-46d9-82f8-0705154590fd",
            "a96dfa6f-195f-470a-8762-6be3a07b79cb",
            "2c977be3-3c3d-484d-9894-485954060b24",
            "604a3356-6cf3-43f3-8c77-e796c379d40f",
            "a3241048-b09a-4345-9007-d618aa270b1f",
            "df02ad8f-8197-4a8a-801f-d96e24e4f5cf",
            "ad5d00ba-ffb5-4b91-8793-2498bd064f35",
            "13106a03-00a5-4332-a1f3-8e166a9ca137",
            "ca04261c-d4c4-4025-9236-7616ba19cc9c",
            "3f5cb793-4387-4470-ae01-befa0f5bdf8a",
            "880ac6b7-553f-4ee9-a0e3-fa0cacb03e23",
            "5b919e8f-0646-4b38-aea0-c346e1dd953f",
            "56564142-51c9-4cd6-99f7-df61ebe4a3b7",
            "c6e5dbae-abaf-498a-b9e4-c4a29b56297e"
          ],
          "failures": [],
          "pending": [],
          "skipped": [],
          "duration": 3859,
          "root": false,
          "rootEmpty": false,
          "_timeout": 2000
        }
      ],
      "passes": [],
      "failures": [],
      "pending": [],
      "skipped": [],
      "duration": 0,
      "root": true,
      "rootEmpty": true,
      "_timeout": 2000
    }
  ],
  "meta": {
    "mocha": {
      "version": "7.0.1"
    },
    "mochawesome": {
      "options": {
        "quiet": false,
        "reportFilename": "mochawesome",
        "saveHtml": false,
        "saveJson": true,
        "consoleReporter": "spec",
        "useInlineDiffs": false,
        "code": true
      },
      "version": "7.1.3"
    },
    "marge": {
      "options": {
        "charts": true,
        "overwrite": false,
        "html": false,
        "json": true,
        "reportDir": "cypress/report/mochawesome-report"
      },
      "version": "6.2.0"
    }
  }
}